<?xml version="1.0" encoding="UTF-8"?>
<!-- Generated by org.testng.reporters.JUnitXMLReporter -->
<testsuite ignored="0" hostname="WDSLT222" failures="0" tests="3" name="Default test" time="16.096" errors="0" timestamp="2023-06-28T15:35:49 EDT">
  <testcase classname="TC.tc5_3" name="emeptyVinSearchtestChrome" time="4.301"/>
  <testcase classname="TC.tc5_3" name="emeptyVinSearchTestEdge" time="5.097"/>
  <testcase classname="TC.tc5_3" name="emptyVinSearchTestFirefox" time="5.217"/>
</testsuite> <!-- Default test -->
